[debug] [2021-08-03T17:50:18.313Z] ----------------------------------------------------------------------
[debug] [2021-08-03T17:50:18.316Z] Command:       /usr/local/nvm/versions/node/v12.14.1/bin/node /usr/local/nvm/versions/node/v12.14.1/bin/firebase emulators:start --only hosting
[debug] [2021-08-03T17:50:18.316Z] CLI Version:   9.16.0
[debug] [2021-08-03T17:50:18.316Z] Platform:      linux
[debug] [2021-08-03T17:50:18.317Z] Node Version:  v12.14.1
[debug] [2021-08-03T17:50:18.317Z] Time:          Tue Aug 03 2021 17:50:18 GMT+0000 (Coordinated Universal Time)
[debug] [2021-08-03T17:50:18.317Z] ----------------------------------------------------------------------
[debug] 
[debug] [2021-08-03T17:50:18.381Z] > command requires scopes: ["email","openid","https://www.googleapis.com/auth/cloudplatformprojects.readonly","https://www.googleapis.com/auth/firebase","https://www.googleapis.com/auth/cloud-platform"]
[debug] [2021-08-03T17:50:18.381Z] > authorizing via signed-in user (cbarnes070317@gmail.com)
[info] i  emulators: Starting emulators: hosting {"metadata":{"emulator":{"name":"hub"},"message":"Starting emulators: hosting"}}
[debug] [2021-08-03T17:50:18.436Z] [hub] writing locator at /tmp/hub-bunkbed-lidya-game.json
[debug] [2021-08-03T17:50:18.499Z] > refreshing access token with scopes: []
[debug] [2021-08-03T17:50:18.501Z] >>> HTTP REQUEST POST https://www.googleapis.com/oauth2/v3/token  
 <request body omitted>
[debug] [2021-08-03T17:50:18.537Z] <<< HTTP RESPONSE 200 {"date":"Tue, 03 Aug 2021 17:50:18 GMT","expires":"Mon, 01 Jan 1990 00:00:00 GMT","pragma":"no-cache","cache-control":"no-cache, no-store, max-age=0, must-revalidate","content-type":"application/json; charset=utf-8","vary":"X-Origin, Referer, Origin,Accept-Encoding","server":"scaffolding on HTTPServer2","x-xss-protection":"0","x-frame-options":"SAMEORIGIN","x-content-type-options":"nosniff","accept-ranges":"none","transfer-encoding":"chunked"}
[debug] [2021-08-03T17:50:18.551Z] >>> [apiv2][query] GET https://firebasehosting.googleapis.com/v1beta1/projects/bunkbed-lidya-game/sites 
[debug] [2021-08-03T17:50:18.625Z] <<< [apiv2][status] GET https://firebasehosting.googleapis.com/v1beta1/projects/bunkbed-lidya-game/sites 200
[debug] [2021-08-03T17:50:18.625Z] <<< [apiv2][body] GET https://firebasehosting.googleapis.com/v1beta1/projects/bunkbed-lidya-game/sites {"sites":[{"name":"projects/267103429166/sites/bunkbed-lidya-game","defaultUrl":"https://bunkbed-lidya-game.web.app","appId":"1:267103429166:web:7aac46624bb37b4c8d35bf","type":"DEFAULT_SITE"}]}
[debug] [2021-08-03T17:50:18.625Z] >>> [apiv2][query] GET https://firebase.googleapis.com/v1beta1/projects/bunkbed-lidya-game/webApps/1:267103429166:web:7aac46624bb37b4c8d35bf/config [none]
[debug] [2021-08-03T17:50:18.793Z] <<< [apiv2][status] GET https://firebase.googleapis.com/v1beta1/projects/bunkbed-lidya-game/webApps/1:267103429166:web:7aac46624bb37b4c8d35bf/config 200
[debug] [2021-08-03T17:50:18.793Z] <<< [apiv2][body] GET https://firebase.googleapis.com/v1beta1/projects/bunkbed-lidya-game/webApps/1:267103429166:web:7aac46624bb37b4c8d35bf/config {"projectId":"bunkbed-lidya-game","appId":"1:267103429166:web:7aac46624bb37b4c8d35bf","databaseURL":"https://bunkbed-lidya-game-default-rtdb.firebaseio.com","storageBucket":"bunkbed-lidya-game.appspot.com","apiKey":"AIzaSyCP5QyPdAIiWkwh-zWTrY-M68OvLo7ZiNw","authDomain":"bunkbed-lidya-game.firebaseapp.com","messagingSenderId":"267103429166"}
[info] i  hosting: Serving hosting files from: public {"metadata":{"emulator":{"name":"hosting"},"message":"Serving hosting files from: \u001b[1mpublic\u001b[22m"}}
[info] ✔  hosting: Local server: http://localhost:5000 {"metadata":{"emulator":{"name":"hosting"},"message":"Local server: \u001b[4m\u001b[1mhttp://localhost:5000\u001b[22m\u001b[24m"}}
[warn] ⚠  emulators: The Emulator UI requires a project ID to start. Configure your default project with 'firebase use' or pass the --project flag. {"metadata":{"emulator":{"name":"hub"},"message":"The Emulator UI requires a project ID to start. Configure your default project with 'firebase use' or pass the --project flag."}}
[info] 
┌─────────────────────────────────────────────────────────────┐
│ ✔  All emulators ready! It is now safe to connect your app. │
└─────────────────────────────────────────────────────────────┘

┌──────────┬────────────────┐
│ Emulator │ Host:Port      │
├──────────┼────────────────┤
│ Hosting  │ localhost:5000 │
└──────────┴────────────────┘
  Emulator Hub running at localhost:4400
  Other reserved ports: None

Issues? Report them at https://github.com/firebase/firebase-tools/issues and attach the *-debug.log files.
 
[info] i  hosting: 127.0.0.1 - - [03/Aug/2021:17:50:23 +0000] "GET /?authuser=0 HTTP/1.1" 200 3979 "https://shell.cloud.google.com/" "Mozilla/5.0 (Macintosh; Intel Mac OS X 10_15_7) AppleWebKit/537.36 (KHTML, like Gecko) Chrome/91.0.4472.164 Safari/537.36" {"metadata":{"emulator":{"name":"hosting"},"message":"127.0.0.1 - - [03/Aug/2021:17:50:23 +0000] \"GET /?authuser=0 HTTP/1.1\" 200 3979 \"https://shell.cloud.google.com/\" \"Mozilla/5.0 (Macintosh; Intel Mac OS X 10_15_7) AppleWebKit/537.36 (KHTML, like Gecko) Chrome/91.0.4472.164 Safari/537.36\""}}
[info] i  hosting: 127.0.0.1 - - [03/Aug/2021:17:50:23 +0000] "GET /js/script2.js HTTP/1.1" 200 12028 "https://5000-da7a88b3-5bb1-4170-8579-c50501e305fa.cs-us-central1-pits.cloudshell.dev/?authuser=0" "Mozilla/5.0 (Macintosh; Intel Mac OS X 10_15_7) AppleWebKit/537.36 (KHTML, like Gecko) Chrome/91.0.4472.164 Safari/537.36" {"metadata":{"emulator":{"name":"hosting"},"message":"127.0.0.1 - - [03/Aug/2021:17:50:23 +0000] \"GET /js/script2.js HTTP/1.1\" 200 12028 \"https://5000-da7a88b3-5bb1-4170-8579-c50501e305fa.cs-us-central1-pits.cloudshell.dev/?authuser=0\" \"Mozilla/5.0 (Macintosh; Intel Mac OS X 10_15_7) AppleWebKit/537.36 (KHTML, like Gecko) Chrome/91.0.4472.164 Safari/537.36\""}}
[info] i  hosting: 127.0.0.1 - - [03/Aug/2021:17:50:23 +0000] "GET /__/firebase/init.js?useEmulator=true HTTP/1.1" 200 - "https://5000-da7a88b3-5bb1-4170-8579-c50501e305fa.cs-us-central1-pits.cloudshell.dev/?authuser=0" "Mozilla/5.0 (Macintosh; Intel Mac OS X 10_15_7) AppleWebKit/537.36 (KHTML, like Gecko) Chrome/91.0.4472.164 Safari/537.36" {"metadata":{"emulator":{"name":"hosting"},"message":"127.0.0.1 - - [03/Aug/2021:17:50:23 +0000] \"GET /__/firebase/init.js?useEmulator=true HTTP/1.1\" 200 - \"https://5000-da7a88b3-5bb1-4170-8579-c50501e305fa.cs-us-central1-pits.cloudshell.dev/?authuser=0\" \"Mozilla/5.0 (Macintosh; Intel Mac OS X 10_15_7) AppleWebKit/537.36 (KHTML, like Gecko) Chrome/91.0.4472.164 Safari/537.36\""}}
